<?xml version="1.0" encoding="UTF-8"?>
<!-- Generated by org.testng.reporters.JUnitXMLReporter -->
<testsuite ignored="0" hostname="LAPTOP-JITHUK" failures="1" tests="2" name="ValidateCustomerPage" time="23.289" errors="0" timestamp="2021-11-22T19:49:31 IST">
  <testcase classname="JKE2EProjectTests.CustomerPageTest" name="CustomerPageSearchEmailTest" time="3.468">
    <failure type="java.lang.AssertionError" message="expected [1-1 of 1 items] but found [1-6 of 6 items]">
      <![CDATA[java.lang.AssertionError: expected [1-1 of 1 items] but found [1-6 of 6 items]
at JKE2EProjectTests.CustomerPageTest.CustomerPageSearchEmailTest(CustomerPageTest.java:52)
at java.base/java.util.ArrayList.forEach(ArrayList.java:1541)
at java.base/java.util.concurrent.FutureTask.run(FutureTask.java:264)
at java.base/java.util.concurrent.ThreadPoolExecutor.runWorker(ThreadPoolExecutor.java:1128)
at java.base/java.util.concurrent.ThreadPoolExecutor$Worker.run(ThreadPoolExecutor.java:628)
at java.base/java.lang.Thread.run(Thread.java:834)
... Removed 24 stack frames]]>
    </failure>
  </testcase> <!-- CustomerPageSearchEmailTest -->
  <testcase classname="JKE2EProjectTests.CustomerPageTest" name="CustomerPageSearchFirstNameTest" time="4.54"/>
</testsuite> <!-- ValidateCustomerPage -->
