<?xml version="1.0" encoding="UTF-8"?>
<testng-results ignored="0" total="5" passed="4" failed="1" skipped="0">
  <reporter-output>
  </reporter-output>
  <suite started-at="2021-10-15T20:17:09 IST" name="Suite" finished-at="2021-10-15T20:18:42 IST" duration-ms="93778">
    <groups>
    </groups>
    <test started-at="2021-10-15T20:17:09 IST" name="ValidateLoginTest" finished-at="2021-10-15T20:18:37 IST" duration-ms="88116">
      <class name="JKE2EProject.LoginPageTest">
        <test-method is-config="true" signature="initialize()[pri:0, instance:JKE2EProject.LoginPageTest@363f6148]" started-at="2021-10-15T20:17:09 IST" name="initialize" finished-at="2021-10-15T20:17:10 IST" duration-ms="1521" status="PASS">
          <reporter-output>
          </reporter-output>
        </test-method> <!-- initialize -->
        <test-method signature="LoginTest(java.lang.String,java.lang.String,java.lang.String)[pri:0, instance:JKE2EProject.LoginPageTest@363f6148]" started-at="2021-10-15T20:17:10 IST" name="LoginTest" data-provider="getData" finished-at="2021-10-15T20:18:14 IST" duration-ms="63616" status="PASS">
          <params>
            <param index="0">
              <value>
                <![CDATA[admin@yourstore.com]]>
              </value>
            </param>
            <param index="1">
              <value>
                <![CDATA[admin]]>
              </value>
            </param>
            <param index="2">
              <value>
                <![CDATA[SuperAdmin]]>
              </value>
            </param>
          </params>
          <reporter-output>
          </reporter-output>
        </test-method> <!-- LoginTest -->
        <test-method signature="LoginTest(java.lang.String,java.lang.String,java.lang.String)[pri:0, instance:JKE2EProject.LoginPageTest@363f6148]" started-at="2021-10-15T20:18:14 IST" name="LoginTest" data-provider="getData" finished-at="2021-10-15T20:18:37 IST" duration-ms="22849" status="PASS">
          <params>
            <param index="0">
              <value>
                <![CDATA[ADMIN@YOURSTORE.com]]>
              </value>
            </param>
            <param index="1">
              <value>
                <![CDATA[admin]]>
              </value>
            </param>
            <param index="2">
              <value>
                <![CDATA[Admin]]>
              </value>
            </param>
          </params>
          <reporter-output>
          </reporter-output>
        </test-method> <!-- LoginTest -->
        <test-method is-config="true" signature="teardown()[pri:0, instance:JKE2EProject.LoginPageTest@363f6148]" started-at="2021-10-15T20:18:37 IST" name="teardown" finished-at="2021-10-15T20:18:37 IST" duration-ms="95" status="PASS">
          <reporter-output>
          </reporter-output>
        </test-method> <!-- teardown -->
      </class> <!-- JKE2EProject.LoginPageTest -->
    </test> <!-- ValidateLoginTest -->
    <test started-at="2021-10-15T20:17:09 IST" name="ValidateCustomerPage" finished-at="2021-10-15T20:18:39 IST" duration-ms="90772">
      <class name="JKE2EProject.CustomerPageTest">
        <test-method is-config="true" signature="initialize()[pri:0, instance:JKE2EProject.CustomerPageTest@9cd25ff]" started-at="2021-10-15T20:17:09 IST" name="initialize" finished-at="2021-10-15T20:18:10 IST" duration-ms="60873" status="PASS">
          <reporter-output>
          </reporter-output>
        </test-method> <!-- initialize -->
        <test-method signature="CustomerPageSearchEmailTest()[pri:0, instance:JKE2EProject.CustomerPageTest@9cd25ff]" started-at="2021-10-15T20:18:10 IST" name="CustomerPageSearchEmailTest" finished-at="2021-10-15T20:18:19 IST" duration-ms="9644" status="FAIL">
          <exception class="java.lang.AssertionError">
            <message>
              <![CDATA[expected [1-1 of 1 items] but found [1-6 of 6 items]]]>
            </message>
            <full-stacktrace>
              <![CDATA[java.lang.AssertionError: expected [1-1 of 1 items] but found [1-6 of 6 items]
at org.testng.Assert.fail(Assert.java:99)
at org.testng.Assert.failNotEquals(Assert.java:1037)
at org.testng.Assert.assertEqualsImpl(Assert.java:140)
at org.testng.Assert.assertEquals(Assert.java:122)
at org.testng.Assert.assertEquals(Assert.java:629)
at org.testng.Assert.assertEquals(Assert.java:639)
at JKE2EProject.CustomerPageTest.CustomerPageSearchEmailTest(CustomerPageTest.java:52)
at java.base/jdk.internal.reflect.NativeMethodAccessorImpl.invoke0(Native Method)
at java.base/jdk.internal.reflect.NativeMethodAccessorImpl.invoke(NativeMethodAccessorImpl.java:62)
at java.base/jdk.internal.reflect.DelegatingMethodAccessorImpl.invoke(DelegatingMethodAccessorImpl.java:43)
at java.base/java.lang.reflect.Method.invoke(Method.java:566)
at org.testng.internal.MethodInvocationHelper.invokeMethod(MethodInvocationHelper.java:133)
at org.testng.internal.TestInvoker.invokeMethod(TestInvoker.java:598)
at org.testng.internal.TestInvoker.invokeTestMethod(TestInvoker.java:173)
at org.testng.internal.MethodRunner.runInSequence(MethodRunner.java:46)
at org.testng.internal.TestInvoker$MethodInvocationAgent.invoke(TestInvoker.java:824)
at org.testng.internal.TestInvoker.invokeTestMethods(TestInvoker.java:146)
at org.testng.internal.TestMethodWorker.invokeTestMethods(TestMethodWorker.java:146)
at org.testng.internal.TestMethodWorker.run(TestMethodWorker.java:128)
at java.base/java.util.ArrayList.forEach(ArrayList.java:1541)
at org.testng.TestRunner.privateRun(TestRunner.java:794)
at org.testng.TestRunner.run(TestRunner.java:596)
at org.testng.SuiteRunner.runTest(SuiteRunner.java:377)
at org.testng.SuiteRunner.access$000(SuiteRunner.java:28)
at org.testng.SuiteRunner$SuiteWorker.run(SuiteRunner.java:418)
at org.testng.internal.thread.ThreadUtil.lambda$execute$0(ThreadUtil.java:64)
at java.base/java.util.concurrent.FutureTask.run(FutureTask.java:264)
at java.base/java.util.concurrent.ThreadPoolExecutor.runWorker(ThreadPoolExecutor.java:1128)
at java.base/java.util.concurrent.ThreadPoolExecutor$Worker.run(ThreadPoolExecutor.java:628)
at java.base/java.lang.Thread.run(Thread.java:834)
]]>
            </full-stacktrace>
          </exception> <!-- java.lang.AssertionError -->
          <reporter-output>
          </reporter-output>
        </test-method> <!-- CustomerPageSearchEmailTest -->
        <test-method signature="CustomerPageSearchFirstNameTest()[pri:0, instance:JKE2EProject.CustomerPageTest@9cd25ff]" started-at="2021-10-15T20:18:20 IST" name="CustomerPageSearchFirstNameTest" finished-at="2021-10-15T20:18:39 IST" duration-ms="19848" status="PASS">
          <reporter-output>
          </reporter-output>
        </test-method> <!-- CustomerPageSearchFirstNameTest -->
        <test-method is-config="true" signature="teardown()[pri:0, instance:JKE2EProject.CustomerPageTest@9cd25ff]" started-at="2021-10-15T20:18:39 IST" name="teardown" finished-at="2021-10-15T20:18:39 IST" duration-ms="58" status="PASS">
          <reporter-output>
          </reporter-output>
        </test-method> <!-- teardown -->
      </class> <!-- JKE2EProject.CustomerPageTest -->
    </test> <!-- ValidateCustomerPage -->
    <test started-at="2021-10-15T20:17:09 IST" name="ValidateHomePage" finished-at="2021-10-15T20:18:42 IST" duration-ms="93778">
      <class name="JKE2EProject.HomePageTest">
        <test-method is-config="true" signature="initialize()[pri:0, instance:JKE2EProject.HomePageTest@5cc5b667]" started-at="2021-10-15T20:17:09 IST" name="initialize" finished-at="2021-10-15T20:17:46 IST" duration-ms="37715" status="PASS">
          <reporter-output>
          </reporter-output>
        </test-method> <!-- initialize -->
        <test-method signature="HomeTest()[pri:0, instance:JKE2EProject.HomePageTest@5cc5b667]" started-at="2021-10-15T20:17:46 IST" name="HomeTest" finished-at="2021-10-15T20:18:42 IST" duration-ms="55999" status="PASS">
          <reporter-output>
          </reporter-output>
        </test-method> <!-- HomeTest -->
        <test-method is-config="true" signature="teardown()[pri:0, instance:JKE2EProject.HomePageTest@5cc5b667]" started-at="2021-10-15T20:18:42 IST" name="teardown" finished-at="2021-10-15T20:18:42 IST" duration-ms="60" status="PASS">
          <reporter-output>
          </reporter-output>
        </test-method> <!-- teardown -->
      </class> <!-- JKE2EProject.HomePageTest -->
    </test> <!-- ValidateHomePage -->
  </suite> <!-- Suite -->
</testng-results>
