<?xml version="1.0" encoding="UTF-8"?>
<testng-results ignored="1" total="2" passed="0" failed="1" skipped="0">
  <reporter-output>
  </reporter-output>
  <suite started-at="2021-11-22T22:07:14 IST" name="Default suite" finished-at="2021-11-22T22:09:29 IST" duration-ms="134500">
    <groups>
    </groups>
    <test started-at="2021-11-22T22:07:14 IST" name="Default test" finished-at="2021-11-22T22:09:29 IST" duration-ms="134500">
      <class name="JKE2EProjectTests.CustomerPageTest">
        <test-method is-config="true" signature="initialize()[pri:0, instance:JKE2EProjectTests.CustomerPageTest@75c9e76b]" started-at="2021-11-22T22:07:14 IST" name="initialize" finished-at="2021-11-22T22:09:25 IST" duration-ms="130425" status="PASS">
          <reporter-output>
          </reporter-output>
        </test-method> <!-- initialize -->
        <test-method signature="CustomerPageSearchEmailTest()[pri:0, instance:JKE2EProjectTests.CustomerPageTest@75c9e76b]" started-at="2021-11-22T22:09:25 IST" name="CustomerPageSearchEmailTest" description="Verify searching of customers using Email ID" finished-at="2021-11-22T22:09:28 IST" duration-ms="3778" status="FAIL">
          <exception class="java.lang.AssertionError">
            <message>
              <![CDATA[expected [1-1 of 1 items] but found [1-6 of 6 items]]]>
            </message>
            <full-stacktrace>
              <![CDATA[java.lang.AssertionError: expected [1-1 of 1 items] but found [1-6 of 6 items]
at org.testng.Assert.fail(Assert.java:99)
at org.testng.Assert.failNotEquals(Assert.java:1037)
at org.testng.Assert.assertEqualsImpl(Assert.java:140)
at org.testng.Assert.assertEquals(Assert.java:122)
at org.testng.Assert.assertEquals(Assert.java:629)
at org.testng.Assert.assertEquals(Assert.java:639)
at JKE2EProjectTests.CustomerPageTest.CustomerPageSearchEmailTest(CustomerPageTest.java:58)
at java.base/jdk.internal.reflect.NativeMethodAccessorImpl.invoke0(Native Method)
at java.base/jdk.internal.reflect.NativeMethodAccessorImpl.invoke(NativeMethodAccessorImpl.java:62)
at java.base/jdk.internal.reflect.DelegatingMethodAccessorImpl.invoke(DelegatingMethodAccessorImpl.java:43)
at java.base/java.lang.reflect.Method.invoke(Method.java:566)
at org.testng.internal.MethodInvocationHelper.invokeMethod(MethodInvocationHelper.java:133)
at org.testng.internal.TestInvoker.invokeMethod(TestInvoker.java:598)
at org.testng.internal.TestInvoker.invokeTestMethod(TestInvoker.java:173)
at org.testng.internal.MethodRunner.runInSequence(MethodRunner.java:46)
at org.testng.internal.TestInvoker$MethodInvocationAgent.invoke(TestInvoker.java:824)
at org.testng.internal.TestInvoker.invokeTestMethods(TestInvoker.java:146)
at org.testng.internal.TestMethodWorker.invokeTestMethods(TestMethodWorker.java:146)
at org.testng.internal.TestMethodWorker.run(TestMethodWorker.java:128)
at java.base/java.util.ArrayList.forEach(ArrayList.java:1541)
at org.testng.TestRunner.privateRun(TestRunner.java:794)
at org.testng.TestRunner.run(TestRunner.java:596)
at org.testng.SuiteRunner.runTest(SuiteRunner.java:377)
at org.testng.SuiteRunner.runSequentially(SuiteRunner.java:371)
at org.testng.SuiteRunner.privateRun(SuiteRunner.java:332)
at org.testng.SuiteRunner.run(SuiteRunner.java:276)
at org.testng.SuiteRunnerWorker.runSuite(SuiteRunnerWorker.java:53)
at org.testng.SuiteRunnerWorker.run(SuiteRunnerWorker.java:96)
at org.testng.TestNG.runSuitesSequentially(TestNG.java:1212)
at org.testng.TestNG.runSuitesLocally(TestNG.java:1134)
at org.testng.TestNG.runSuites(TestNG.java:1063)
at org.testng.TestNG.run(TestNG.java:1031)
at org.testng.remote.AbstractRemoteTestNG.run(AbstractRemoteTestNG.java:115)
at org.testng.remote.RemoteTestNG.initAndRun(RemoteTestNG.java:251)
at org.testng.remote.RemoteTestNG.main(RemoteTestNG.java:77)
]]>
            </full-stacktrace>
          </exception> <!-- java.lang.AssertionError -->
          <reporter-output>
          </reporter-output>
        </test-method> <!-- CustomerPageSearchEmailTest -->
        <test-method is-config="true" signature="teardown()[pri:0, instance:JKE2EProjectTests.CustomerPageTest@75c9e76b]" started-at="2021-11-22T22:09:28 IST" name="teardown" finished-at="2021-11-22T22:09:29 IST" duration-ms="168" status="PASS">
          <reporter-output>
          </reporter-output>
        </test-method> <!-- teardown -->
      </class> <!-- JKE2EProjectTests.CustomerPageTest -->
    </test> <!-- Default test -->
  </suite> <!-- Default suite -->
</testng-results>
